2024-04-10T08:12:20.517+07:00  INFO 13120 --- [restartedMain] c.e.BookStore.BookStoreApplication       : Starting BookStoreApplication using Java 17.0.9 with PID 13120 (C:\Users\Admin\Desktop\BookStore\BookStore\target\classes started by Admin in C:\Users\Admin\Desktop\BookStore\BookStore)
2024-04-10T08:12:20.534+07:00  INFO 13120 --- [restartedMain] c.e.BookStore.BookStoreApplication       : No active profile set, falling back to 1 default profile: "default"
2024-04-10T08:12:21.012+07:00  INFO 13120 --- [restartedMain] .e.DevToolsPropertyDefaultsPostProcessor : Devtools property defaults active! Set 'spring.devtools.add-properties' to 'false' to disable
2024-04-10T08:12:21.012+07:00  INFO 13120 --- [restartedMain] .e.DevToolsPropertyDefaultsPostProcessor : For additional web related logging consider setting the 'logging.level.web' property to 'DEBUG'
2024-04-10T08:12:22.828+07:00  INFO 13120 --- [restartedMain] .s.d.r.c.RepositoryConfigurationDelegate : Bootstrapping Spring Data JPA repositories in DEFAULT mode.
2024-04-10T08:12:23.003+07:00  INFO 13120 --- [restartedMain] .s.d.r.c.RepositoryConfigurationDelegate : Finished Spring Data repository scanning in 157 ms. Found 10 JPA repository interfaces.
2024-04-10T08:12:23.525+07:00  INFO 13120 --- [restartedMain] o.s.cloud.context.scope.GenericScope     : BeanFactory id=99154110-6a24-30d2-9242-775f3246eca6
2024-04-10T08:12:24.760+07:00  INFO 13120 --- [restartedMain] o.s.b.w.embedded.tomcat.TomcatWebServer  : Tomcat initialized with port(s): 8081 (http)
2024-04-10T08:12:24.792+07:00  INFO 13120 --- [restartedMain] o.apache.catalina.core.StandardService   : Starting service [Tomcat]
2024-04-10T08:12:24.793+07:00  INFO 13120 --- [restartedMain] o.apache.catalina.core.StandardEngine    : Starting Servlet engine: [Apache Tomcat/10.1.15]
2024-04-10T08:12:24.950+07:00  INFO 13120 --- [restartedMain] o.a.c.c.C.[Tomcat].[localhost].[/]       : Initializing Spring embedded WebApplicationContext
2024-04-10T08:12:24.950+07:00  INFO 13120 --- [restartedMain] w.s.c.ServletWebServerApplicationContext : Root WebApplicationContext: initialization completed in 3936 ms
2024-04-10T08:12:25.217+07:00  INFO 13120 --- [restartedMain] com.zaxxer.hikari.HikariDataSource       : HikariPool-1 - Starting...
2024-04-10T08:12:26.526+07:00  INFO 13120 --- [restartedMain] com.zaxxer.hikari.pool.HikariPool        : HikariPool-1 - Added connection com.mysql.cj.jdbc.ConnectionImpl@4ee3c6a8
2024-04-10T08:12:26.541+07:00  INFO 13120 --- [restartedMain] com.zaxxer.hikari.HikariDataSource       : HikariPool-1 - Start completed.
2024-04-10T08:12:26.605+07:00  INFO 13120 --- [restartedMain] o.hibernate.jpa.internal.util.LogHelper  : HHH000204: Processing PersistenceUnitInfo [name: default]
2024-04-10T08:12:26.700+07:00  INFO 13120 --- [restartedMain] org.hibernate.Version                    : HHH000412: Hibernate ORM core version 6.1.7.Final
2024-04-10T08:12:27.309+07:00  INFO 13120 --- [restartedMain] SQL dialect                              : HHH000400: Using dialect: org.hibernate.dialect.MySQL8Dialect
2024-04-10T08:12:27.312+07:00  WARN 13120 --- [restartedMain] org.hibernate.orm.deprecation            : HHH90000026: MySQL8Dialect has been deprecated; use org.hibernate.dialect.MySQLDialect instead
2024-04-10T08:12:33.470+07:00  INFO 13120 --- [restartedMain] o.h.e.t.j.p.i.JtaPlatformInitiator       : HHH000490: Using JtaPlatform implementation: [org.hibernate.engine.transaction.jta.platform.internal.NoJtaPlatform]
2024-04-10T08:12:33.491+07:00  INFO 13120 --- [restartedMain] j.LocalContainerEntityManagerFactoryBean : Initialized JPA EntityManagerFactory for persistence unit 'default'
2024-04-10T08:12:35.291+07:00  WARN 13120 --- [restartedMain] JpaBaseConfiguration$JpaWebConfiguration : spring.jpa.open-in-view is enabled by default. Therefore, database queries may be performed during view rendering. Explicitly configure spring.jpa.open-in-view to disable this warning
2024-04-10T08:12:36.189+07:00  INFO 13120 --- [restartedMain] o.s.s.web.DefaultSecurityFilterChain     : Will secure any request with [org.springframework.security.web.session.DisableEncodeUrlFilter@3c87fd1f, org.springframework.security.web.context.request.async.WebAsyncManagerIntegrationFilter@12279d66, org.springframework.security.web.context.SecurityContextHolderFilter@12acd631, org.springframework.security.web.header.HeaderWriterFilter@4e097981, org.springframework.security.web.authentication.logout.LogoutFilter@2b9104b6, com.example.BookStore.JWTFilter@1d89b818, org.springframework.security.web.authentication.www.BasicAuthenticationFilter@1d467910, org.springframework.security.web.savedrequest.RequestCacheAwareFilter@4dc356f4, org.springframework.security.web.servletapi.SecurityContextHolderAwareRequestFilter@583508cc, org.springframework.security.web.authentication.AnonymousAuthenticationFilter@2c2e3b1c, org.springframework.security.web.session.SessionManagementFilter@34e5e96b, org.springframework.security.web.access.ExceptionTranslationFilter@30ad0724, org.springframework.security.web.access.intercept.FilterSecurityInterceptor@7fd4a03f]
2024-04-10T08:12:37.031+07:00  INFO 13120 --- [restartedMain] o.s.b.d.a.OptionalLiveReloadServer       : LiveReload server is running on port 35729
2024-04-10T08:12:37.377+07:00  INFO 13120 --- [restartedMain] o.s.b.w.embedded.tomcat.TomcatWebServer  : Tomcat started on port(s): 8081 (http) with context path ''
2024-04-10T08:12:37.519+07:00  INFO 13120 --- [restartedMain] c.e.BookStore.BookStoreApplication       : Started BookStoreApplication in 17.938 seconds (process running for 19.171)
2024-04-10T08:13:01.161+07:00  INFO 13120 --- [http-nio-8081-exec-2] o.a.c.c.C.[Tomcat].[localhost].[/]       : Initializing Spring DispatcherServlet 'dispatcherServlet'
2024-04-10T08:13:01.163+07:00  INFO 13120 --- [http-nio-8081-exec-2] o.s.web.servlet.DispatcherServlet        : Initializing Servlet 'dispatcherServlet'
2024-04-10T08:13:01.167+07:00  INFO 13120 --- [http-nio-8081-exec-2] o.s.web.servlet.DispatcherServlet        : Completed initialization in 3 ms
2024-04-10T09:02:42.310+07:00  INFO 4048 --- [restartedMain] c.e.BookStore.BookStoreApplication       : Starting BookStoreApplication using Java 17.0.9 with PID 4048 (C:\Users\Admin\Desktop\BookStore\BookStore\target\classes started by Admin in C:\Users\Admin\Desktop\BookStore\BookStore)
2024-04-10T09:02:42.315+07:00  INFO 4048 --- [restartedMain] c.e.BookStore.BookStoreApplication       : No active profile set, falling back to 1 default profile: "default"
2024-04-10T09:02:42.838+07:00  INFO 4048 --- [restartedMain] .e.DevToolsPropertyDefaultsPostProcessor : Devtools property defaults active! Set 'spring.devtools.add-properties' to 'false' to disable
2024-04-10T09:02:42.839+07:00  INFO 4048 --- [restartedMain] .e.DevToolsPropertyDefaultsPostProcessor : For additional web related logging consider setting the 'logging.level.web' property to 'DEBUG'
2024-04-10T09:02:44.751+07:00  INFO 4048 --- [restartedMain] .s.d.r.c.RepositoryConfigurationDelegate : Bootstrapping Spring Data JPA repositories in DEFAULT mode.
2024-04-10T09:02:44.921+07:00  INFO 4048 --- [restartedMain] .s.d.r.c.RepositoryConfigurationDelegate : Finished Spring Data repository scanning in 151 ms. Found 10 JPA repository interfaces.
2024-04-10T09:02:45.844+07:00  INFO 4048 --- [restartedMain] o.s.cloud.context.scope.GenericScope     : BeanFactory id=bce02399-247c-33ac-bb3b-29dfc76fd5e0
2024-04-10T09:02:47.548+07:00  INFO 4048 --- [restartedMain] o.s.b.w.embedded.tomcat.TomcatWebServer  : Tomcat initialized with port(s): 8081 (http)
2024-04-10T09:02:47.573+07:00  INFO 4048 --- [restartedMain] o.apache.catalina.core.StandardService   : Starting service [Tomcat]
2024-04-10T09:02:47.574+07:00  INFO 4048 --- [restartedMain] o.apache.catalina.core.StandardEngine    : Starting Servlet engine: [Apache Tomcat/10.1.15]
2024-04-10T09:02:47.832+07:00  INFO 4048 --- [restartedMain] o.a.c.c.C.[Tomcat].[localhost].[/]       : Initializing Spring embedded WebApplicationContext
2024-04-10T09:02:47.833+07:00  INFO 4048 --- [restartedMain] w.s.c.ServletWebServerApplicationContext : Root WebApplicationContext: initialization completed in 4993 ms
2024-04-10T09:02:48.178+07:00  INFO 4048 --- [restartedMain] com.zaxxer.hikari.HikariDataSource       : HikariPool-1 - Starting...
2024-04-10T09:02:49.493+07:00  INFO 4048 --- [restartedMain] com.zaxxer.hikari.pool.HikariPool        : HikariPool-1 - Added connection com.mysql.cj.jdbc.ConnectionImpl@583d83f
2024-04-10T09:02:49.499+07:00  INFO 4048 --- [restartedMain] com.zaxxer.hikari.HikariDataSource       : HikariPool-1 - Start completed.
2024-04-10T09:02:49.568+07:00  INFO 4048 --- [restartedMain] o.hibernate.jpa.internal.util.LogHelper  : HHH000204: Processing PersistenceUnitInfo [name: default]
2024-04-10T09:02:49.695+07:00  INFO 4048 --- [restartedMain] org.hibernate.Version                    : HHH000412: Hibernate ORM core version 6.1.7.Final
2024-04-10T09:02:50.565+07:00  INFO 4048 --- [restartedMain] SQL dialect                              : HHH000400: Using dialect: org.hibernate.dialect.MySQL8Dialect
2024-04-10T09:02:50.567+07:00  WARN 4048 --- [restartedMain] org.hibernate.orm.deprecation            : HHH90000026: MySQL8Dialect has been deprecated; use org.hibernate.dialect.MySQLDialect instead
2024-04-10T09:02:59.016+07:00  INFO 4048 --- [restartedMain] o.h.e.t.j.p.i.JtaPlatformInitiator       : HHH000490: Using JtaPlatform implementation: [org.hibernate.engine.transaction.jta.platform.internal.NoJtaPlatform]
2024-04-10T09:02:59.035+07:00  INFO 4048 --- [restartedMain] j.LocalContainerEntityManagerFactoryBean : Initialized JPA EntityManagerFactory for persistence unit 'default'
2024-04-10T09:03:00.394+07:00  WARN 4048 --- [restartedMain] ConfigServletWebServerApplicationContext : Exception encountered during context initialization - cancelling refresh attempt: org.springframework.beans.factory.UnsatisfiedDependencyException: Error creating bean with name 'billController': Unsatisfied dependency expressed through field 'billService': Error creating bean with name 'billService.BillServiceImpl': Unsatisfied dependency expressed through field 'billDetailsRepo': Error creating bean with name 'billDetailRepo' defined in com.example.BookStore.repo.BillDetailRepo defined in @EnableJpaRepositories declared on JpaRepositoriesRegistrar.EnableJpaRepositoriesConfiguration: Could not create query for public abstract java.util.List com.example.BookStore.repo.BillDetailRepo.findByBillId(int); Reason: Validation failed for query for method public abstract java.util.List com.example.BookStore.repo.BillDetailRepo.findByBillId(int)
2024-04-10T09:03:00.396+07:00  INFO 4048 --- [restartedMain] j.LocalContainerEntityManagerFactoryBean : Closing JPA EntityManagerFactory for persistence unit 'default'
2024-04-10T09:03:00.403+07:00  INFO 4048 --- [restartedMain] com.zaxxer.hikari.HikariDataSource       : HikariPool-1 - Shutdown initiated...
2024-04-10T09:03:00.421+07:00  INFO 4048 --- [restartedMain] com.zaxxer.hikari.HikariDataSource       : HikariPool-1 - Shutdown completed.
2024-04-10T09:03:00.427+07:00  INFO 4048 --- [restartedMain] o.apache.catalina.core.StandardService   : Stopping service [Tomcat]
2024-04-10T09:03:00.456+07:00  INFO 4048 --- [restartedMain] .s.b.a.l.ConditionEvaluationReportLogger : 

Error starting ApplicationContext. To display the condition evaluation report re-run your application with 'debug' enabled.
2024-04-10T09:03:00.504+07:00 ERROR 4048 --- [restartedMain] o.s.boot.SpringApplication               : Application run failed

org.springframework.beans.factory.UnsatisfiedDependencyException: Error creating bean with name 'billController': Unsatisfied dependency expressed through field 'billService': Error creating bean with name 'billService.BillServiceImpl': Unsatisfied dependency expressed through field 'billDetailsRepo': Error creating bean with name 'billDetailRepo' defined in com.example.BookStore.repo.BillDetailRepo defined in @EnableJpaRepositories declared on JpaRepositoriesRegistrar.EnableJpaRepositoriesConfiguration: Could not create query for public abstract java.util.List com.example.BookStore.repo.BillDetailRepo.findByBillId(int); Reason: Validation failed for query for method public abstract java.util.List com.example.BookStore.repo.BillDetailRepo.findByBillId(int)
	at org.springframework.beans.factory.annotation.AutowiredAnnotationBeanPostProcessor$AutowiredFieldElement.resolveFieldValue(AutowiredAnnotationBeanPostProcessor.java:767) ~[spring-beans-6.0.13.jar:6.0.13]
	at org.springframework.beans.factory.annotation.AutowiredAnnotationBeanPostProcessor$AutowiredFieldElement.inject(AutowiredAnnotationBeanPostProcessor.java:747) ~[spring-beans-6.0.13.jar:6.0.13]
	at org.springframework.beans.factory.annotation.InjectionMetadata.inject(InjectionMetadata.java:145) ~[spring-beans-6.0.13.jar:6.0.13]
	at org.springframework.beans.factory.annotation.AutowiredAnnotationBeanPostProcessor.postProcessProperties(AutowiredAnnotationBeanPostProcessor.java:492) ~[spring-beans-6.0.13.jar:6.0.13]
	at org.springframework.beans.factory.support.AbstractAutowireCapableBeanFactory.populateBean(AbstractAutowireCapableBeanFactory.java:1416) ~[spring-beans-6.0.13.jar:6.0.13]
	at org.springframework.beans.factory.support.AbstractAutowireCapableBeanFactory.doCreateBean(AbstractAutowireCapableBeanFactory.java:597) ~[spring-beans-6.0.13.jar:6.0.13]
	at org.springframework.beans.factory.support.AbstractAutowireCapableBeanFactory.createBean(AbstractAutowireCapableBeanFactory.java:520) ~[spring-beans-6.0.13.jar:6.0.13]
	at org.springframework.beans.factory.support.AbstractBeanFactory.lambda$doGetBean$0(AbstractBeanFactory.java:325) ~[spring-beans-6.0.13.jar:6.0.13]
	at org.springframework.beans.factory.support.DefaultSingletonBeanRegistry.getSingleton(DefaultSingletonBeanRegistry.java:234) ~[spring-beans-6.0.13.jar:6.0.13]
	at org.springframework.beans.factory.support.AbstractBeanFactory.doGetBean(AbstractBeanFactory.java:323) ~[spring-beans-6.0.13.jar:6.0.13]
	at org.springframework.beans.factory.support.AbstractBeanFactory.getBean(AbstractBeanFactory.java:199) ~[spring-beans-6.0.13.jar:6.0.13]
	at org.springframework.beans.factory.support.DefaultListableBeanFactory.preInstantiateSingletons(DefaultListableBeanFactory.java:973) ~[spring-beans-6.0.13.jar:6.0.13]
	at org.springframework.context.support.AbstractApplicationContext.finishBeanFactoryInitialization(AbstractApplicationContext.java:950) ~[spring-context-6.0.13.jar:6.0.13]
	at org.springframework.context.support.AbstractApplicationContext.refresh(AbstractApplicationContext.java:616) ~[spring-context-6.0.13.jar:6.0.13]
	at org.springframework.boot.web.servlet.context.ServletWebServerApplicationContext.refresh(ServletWebServerApplicationContext.java:146) ~[spring-boot-3.0.12.jar:3.0.12]
	at org.springframework.boot.SpringApplication.refresh(SpringApplication.java:733) ~[spring-boot-3.0.12.jar:3.0.12]
	at org.springframework.boot.SpringApplication.refreshContext(SpringApplication.java:435) ~[spring-boot-3.0.12.jar:3.0.12]
	at org.springframework.boot.SpringApplication.run(SpringApplication.java:311) ~[spring-boot-3.0.12.jar:3.0.12]
	at org.springframework.boot.SpringApplication.run(SpringApplication.java:1301) ~[spring-boot-3.0.12.jar:3.0.12]
	at org.springframework.boot.SpringApplication.run(SpringApplication.java:1290) ~[spring-boot-3.0.12.jar:3.0.12]
	at com.example.BookStore.BookStoreApplication.main(BookStoreApplication.java:18) ~[classes/:na]
	at java.base/jdk.internal.reflect.NativeMethodAccessorImpl.invoke0(Native Method) ~[na:na]
	at java.base/jdk.internal.reflect.NativeMethodAccessorImpl.invoke(NativeMethodAccessorImpl.java:77) ~[na:na]
	at java.base/jdk.internal.reflect.DelegatingMethodAccessorImpl.invoke(DelegatingMethodAccessorImpl.java:43) ~[na:na]
	at java.base/java.lang.reflect.Method.invoke(Method.java:568) ~[na:na]
	at org.springframework.boot.devtools.restart.RestartLauncher.run(RestartLauncher.java:50) ~[spring-boot-devtools-3.0.12.jar:3.0.12]
Caused by: org.springframework.beans.factory.UnsatisfiedDependencyException: Error creating bean with name 'billService.BillServiceImpl': Unsatisfied dependency expressed through field 'billDetailsRepo': Error creating bean with name 'billDetailRepo' defined in com.example.BookStore.repo.BillDetailRepo defined in @EnableJpaRepositories declared on JpaRepositoriesRegistrar.EnableJpaRepositoriesConfiguration: Could not create query for public abstract java.util.List com.example.BookStore.repo.BillDetailRepo.findByBillId(int); Reason: Validation failed for query for method public abstract java.util.List com.example.BookStore.repo.BillDetailRepo.findByBillId(int)
	at org.springframework.beans.factory.annotation.AutowiredAnnotationBeanPostProcessor$AutowiredFieldElement.resolveFieldValue(AutowiredAnnotationBeanPostProcessor.java:767) ~[spring-beans-6.0.13.jar:6.0.13]
	at org.springframework.beans.factory.annotation.AutowiredAnnotationBeanPostProcessor$AutowiredFieldElement.inject(AutowiredAnnotationBeanPostProcessor.java:747) ~[spring-beans-6.0.13.jar:6.0.13]
	at org.springframework.beans.factory.annotation.InjectionMetadata.inject(InjectionMetadata.java:145) ~[spring-beans-6.0.13.jar:6.0.13]
	at org.springframework.beans.factory.annotation.AutowiredAnnotationBeanPostProcessor.postProcessProperties(AutowiredAnnotationBeanPostProcessor.java:492) ~[spring-beans-6.0.13.jar:6.0.13]
	at org.springframework.beans.factory.support.AbstractAutowireCapableBeanFactory.populateBean(AbstractAutowireCapableBeanFactory.java:1416) ~[spring-beans-6.0.13.jar:6.0.13]
	at org.springframework.beans.factory.support.AbstractAutowireCapableBeanFactory.doCreateBean(AbstractAutowireCapableBeanFactory.java:597) ~[spring-beans-6.0.13.jar:6.0.13]
	at org.springframework.beans.factory.support.AbstractAutowireCapableBeanFactory.createBean(AbstractAutowireCapableBeanFactory.java:520) ~[spring-beans-6.0.13.jar:6.0.13]
	at org.springframework.beans.factory.support.AbstractBeanFactory.lambda$doGetBean$0(AbstractBeanFactory.java:325) ~[spring-beans-6.0.13.jar:6.0.13]
	at org.springframework.beans.factory.support.DefaultSingletonBeanRegistry.getSingleton(DefaultSingletonBeanRegistry.java:234) ~[spring-beans-6.0.13.jar:6.0.13]
	at org.springframework.beans.factory.support.AbstractBeanFactory.doGetBean(AbstractBeanFactory.java:323) ~[spring-beans-6.0.13.jar:6.0.13]
	at org.springframework.beans.factory.support.AbstractBeanFactory.getBean(AbstractBeanFactory.java:199) ~[spring-beans-6.0.13.jar:6.0.13]
	at org.springframework.beans.factory.config.DependencyDescriptor.resolveCandidate(DependencyDescriptor.java:254) ~[spring-beans-6.0.13.jar:6.0.13]
	at org.springframework.beans.factory.support.DefaultListableBeanFactory.doResolveDependency(DefaultListableBeanFactory.java:1417) ~[spring-beans-6.0.13.jar:6.0.13]
	at org.springframework.beans.factory.support.DefaultListableBeanFactory.resolveDependency(DefaultListableBeanFactory.java:1337) ~[spring-beans-6.0.13.jar:6.0.13]
	at org.springframework.beans.factory.annotation.AutowiredAnnotationBeanPostProcessor$AutowiredFieldElement.resolveFieldValue(AutowiredAnnotationBeanPostProcessor.java:764) ~[spring-beans-6.0.13.jar:6.0.13]
	... 25 common frames omitted
Caused by: org.springframework.beans.factory.BeanCreationException: Error creating bean with name 'billDetailRepo' defined in com.example.BookStore.repo.BillDetailRepo defined in @EnableJpaRepositories declared on JpaRepositoriesRegistrar.EnableJpaRepositoriesConfiguration: Could not create query for public abstract java.util.List com.example.BookStore.repo.BillDetailRepo.findByBillId(int); Reason: Validation failed for query for method public abstract java.util.List com.example.BookStore.repo.BillDetailRepo.findByBillId(int)
	at org.springframework.beans.factory.support.AbstractAutowireCapableBeanFactory.initializeBean(AbstractAutowireCapableBeanFactory.java:1770) ~[spring-beans-6.0.13.jar:6.0.13]
	at org.springframework.beans.factory.support.AbstractAutowireCapableBeanFactory.doCreateBean(AbstractAutowireCapableBeanFactory.java:598) ~[spring-beans-6.0.13.jar:6.0.13]
	at org.springframework.beans.factory.support.AbstractAutowireCapableBeanFactory.createBean(AbstractAutowireCapableBeanFactory.java:520) ~[spring-beans-6.0.13.jar:6.0.13]
	at org.springframework.beans.factory.support.AbstractBeanFactory.lambda$doGetBean$0(AbstractBeanFactory.java:325) ~[spring-beans-6.0.13.jar:6.0.13]
	at org.springframework.beans.factory.support.DefaultSingletonBeanRegistry.getSingleton(DefaultSingletonBeanRegistry.java:234) ~[spring-beans-6.0.13.jar:6.0.13]
	at org.springframework.beans.factory.support.AbstractBeanFactory.doGetBean(AbstractBeanFactory.java:323) ~[spring-beans-6.0.13.jar:6.0.13]
	at org.springframework.beans.factory.support.AbstractBeanFactory.getBean(AbstractBeanFactory.java:199) ~[spring-beans-6.0.13.jar:6.0.13]
	at org.springframework.beans.factory.config.DependencyDescriptor.resolveCandidate(DependencyDescriptor.java:254) ~[spring-beans-6.0.13.jar:6.0.13]
	at org.springframework.beans.factory.support.DefaultListableBeanFactory.doResolveDependency(DefaultListableBeanFactory.java:1417) ~[spring-beans-6.0.13.jar:6.0.13]
	at org.springframework.beans.factory.support.DefaultListableBeanFactory.resolveDependency(DefaultListableBeanFactory.java:1337) ~[spring-beans-6.0.13.jar:6.0.13]
	at org.springframework.beans.factory.annotation.AutowiredAnnotationBeanPostProcessor$AutowiredFieldElement.resolveFieldValue(AutowiredAnnotationBeanPostProcessor.java:764) ~[spring-beans-6.0.13.jar:6.0.13]
	... 39 common frames omitted
Caused by: org.springframework.data.repository.query.QueryCreationException: Could not create query for public abstract java.util.List com.example.BookStore.repo.BillDetailRepo.findByBillId(int); Reason: Validation failed for query for method public abstract java.util.List com.example.BookStore.repo.BillDetailRepo.findByBillId(int)
	at org.springframework.data.repository.query.QueryCreationException.create(QueryCreationException.java:101) ~[spring-data-commons-3.0.11.jar:3.0.11]
	at org.springframework.data.repository.core.support.QueryExecutorMethodInterceptor.lookupQuery(QueryExecutorMethodInterceptor.java:115) ~[spring-data-commons-3.0.11.jar:3.0.11]
	at org.springframework.data.repository.core.support.QueryExecutorMethodInterceptor.mapMethodsToQuery(QueryExecutorMethodInterceptor.java:99) ~[spring-data-commons-3.0.11.jar:3.0.11]
	at org.springframework.data.repository.core.support.QueryExecutorMethodInterceptor.lambda$new$0(QueryExecutorMethodInterceptor.java:88) ~[spring-data-commons-3.0.11.jar:3.0.11]
	at java.base/java.util.Optional.map(Optional.java:260) ~[na:na]
	at org.springframework.data.repository.core.support.QueryExecutorMethodInterceptor.<init>(QueryExecutorMethodInterceptor.java:88) ~[spring-data-commons-3.0.11.jar:3.0.11]
	at org.springframework.data.repository.core.support.RepositoryFactorySupport.getRepository(RepositoryFactorySupport.java:357) ~[spring-data-commons-3.0.11.jar:3.0.11]
	at org.springframework.data.repository.core.support.RepositoryFactoryBeanSupport.lambda$afterPropertiesSet$5(RepositoryFactoryBeanSupport.java:279) ~[spring-data-commons-3.0.11.jar:3.0.11]
	at org.springframework.data.util.Lazy.getNullable(Lazy.java:245) ~[spring-data-commons-3.0.11.jar:3.0.11]
	at org.springframework.data.util.Lazy.get(Lazy.java:114) ~[spring-data-commons-3.0.11.jar:3.0.11]
	at org.springframework.data.repository.core.support.RepositoryFactoryBeanSupport.afterPropertiesSet(RepositoryFactoryBeanSupport.java:285) ~[spring-data-commons-3.0.11.jar:3.0.11]
	at org.springframework.data.jpa.repository.support.JpaRepositoryFactoryBean.afterPropertiesSet(JpaRepositoryFactoryBean.java:132) ~[spring-data-jpa-3.0.11.jar:3.0.11]
	at org.springframework.beans.factory.support.AbstractAutowireCapableBeanFactory.invokeInitMethods(AbstractAutowireCapableBeanFactory.java:1817) ~[spring-beans-6.0.13.jar:6.0.13]
	at org.springframework.beans.factory.support.AbstractAutowireCapableBeanFactory.initializeBean(AbstractAutowireCapableBeanFactory.java:1766) ~[spring-beans-6.0.13.jar:6.0.13]
	... 49 common frames omitted
Caused by: java.lang.IllegalArgumentException: Validation failed for query for method public abstract java.util.List com.example.BookStore.repo.BillDetailRepo.findByBillId(int)
	at org.springframework.data.jpa.repository.query.SimpleJpaQuery.validateQuery(SimpleJpaQuery.java:100) ~[spring-data-jpa-3.0.11.jar:3.0.11]
	at org.springframework.data.jpa.repository.query.SimpleJpaQuery.<init>(SimpleJpaQuery.java:70) ~[spring-data-jpa-3.0.11.jar:3.0.11]
	at org.springframework.data.jpa.repository.query.JpaQueryFactory.fromMethodWithQueryString(JpaQueryFactory.java:55) ~[spring-data-jpa-3.0.11.jar:3.0.11]
	at org.springframework.data.jpa.repository.query.JpaQueryLookupStrategy$DeclaredQueryLookupStrategy.resolveQuery(JpaQueryLookupStrategy.java:170) ~[spring-data-jpa-3.0.11.jar:3.0.11]
	at org.springframework.data.jpa.repository.query.JpaQueryLookupStrategy$CreateIfNotFoundQueryLookupStrategy.resolveQuery(JpaQueryLookupStrategy.java:252) ~[spring-data-jpa-3.0.11.jar:3.0.11]
	at org.springframework.data.jpa.repository.query.JpaQueryLookupStrategy$AbstractQueryLookupStrategy.resolveQuery(JpaQueryLookupStrategy.java:95) ~[spring-data-jpa-3.0.11.jar:3.0.11]
	at org.springframework.data.repository.core.support.QueryExecutorMethodInterceptor.lookupQuery(QueryExecutorMethodInterceptor.java:111) ~[spring-data-commons-3.0.11.jar:3.0.11]
	... 61 common frames omitted
Caused by: java.lang.IllegalArgumentException: org.hibernate.query.sqm.UnknownEntityException: Could not resolve root entity 'BillDetails'
	at org.hibernate.internal.ExceptionConverterImpl.convert(ExceptionConverterImpl.java:138) ~[hibernate-core-6.1.7.Final.jar:6.1.7.Final]
	at org.hibernate.internal.ExceptionConverterImpl.convert(ExceptionConverterImpl.java:175) ~[hibernate-core-6.1.7.Final.jar:6.1.7.Final]
	at org.hibernate.internal.ExceptionConverterImpl.convert(ExceptionConverterImpl.java:182) ~[hibernate-core-6.1.7.Final.jar:6.1.7.Final]
	at org.hibernate.internal.AbstractSharedSessionContract.createQuery(AbstractSharedSessionContract.java:760) ~[hibernate-core-6.1.7.Final.jar:6.1.7.Final]
	at org.hibernate.internal.AbstractSharedSessionContract.createQuery(AbstractSharedSessionContract.java:662) ~[hibernate-core-6.1.7.Final.jar:6.1.7.Final]
	at org.hibernate.internal.AbstractSharedSessionContract.createQuery(AbstractSharedSessionContract.java:126) ~[hibernate-core-6.1.7.Final.jar:6.1.7.Final]
	at java.base/jdk.internal.reflect.NativeMethodAccessorImpl.invoke0(Native Method) ~[na:na]
	at java.base/jdk.internal.reflect.NativeMethodAccessorImpl.invoke(NativeMethodAccessorImpl.java:77) ~[na:na]
	at java.base/jdk.internal.reflect.DelegatingMethodAccessorImpl.invoke(DelegatingMethodAccessorImpl.java:43) ~[na:na]
	at java.base/java.lang.reflect.Method.invoke(Method.java:568) ~[na:na]
	at org.springframework.orm.jpa.ExtendedEntityManagerCreator$ExtendedEntityManagerInvocationHandler.invoke(ExtendedEntityManagerCreator.java:360) ~[spring-orm-6.0.13.jar:6.0.13]
	at jdk.proxy4/jdk.proxy4.$Proxy139.createQuery(Unknown Source) ~[na:na]
	at org.springframework.data.jpa.repository.query.SimpleJpaQuery.validateQuery(SimpleJpaQuery.java:94) ~[spring-data-jpa-3.0.11.jar:3.0.11]
	... 67 common frames omitted
Caused by: org.hibernate.query.sqm.UnknownEntityException: Could not resolve root entity 'BillDetails'
	at org.hibernate.query.hql.internal.SemanticQueryBuilder.visitRootEntity(SemanticQueryBuilder.java:1628) ~[hibernate-core-6.1.7.Final.jar:6.1.7.Final]
	at org.hibernate.query.hql.internal.SemanticQueryBuilder.visitRootEntity(SemanticQueryBuilder.java:243) ~[hibernate-core-6.1.7.Final.jar:6.1.7.Final]
	at org.hibernate.grammars.hql.HqlParser$RootEntityContext.accept(HqlParser.java:1875) ~[hibernate-core-6.1.7.Final.jar:6.1.7.Final]
	at org.hibernate.query.hql.internal.SemanticQueryBuilder.visitEntityWithJoins(SemanticQueryBuilder.java:1548) ~[hibernate-core-6.1.7.Final.jar:6.1.7.Final]
	at org.hibernate.query.hql.internal.SemanticQueryBuilder.visitFromClause(SemanticQueryBuilder.java:1539) ~[hibernate-core-6.1.7.Final.jar:6.1.7.Final]
	at org.hibernate.query.hql.internal.SemanticQueryBuilder.visitQuery(SemanticQueryBuilder.java:833) ~[hibernate-core-6.1.7.Final.jar:6.1.7.Final]
	at org.hibernate.query.hql.internal.SemanticQueryBuilder.visitQuerySpecExpression(SemanticQueryBuilder.java:629) ~[hibernate-core-6.1.7.Final.jar:6.1.7.Final]
	at org.hibernate.query.hql.internal.SemanticQueryBuilder.visitQuerySpecExpression(SemanticQueryBuilder.java:243) ~[hibernate-core-6.1.7.Final.jar:6.1.7.Final]
	at org.hibernate.grammars.hql.HqlParser$QuerySpecExpressionContext.accept(HqlParser.java:1220) ~[hibernate-core-6.1.7.Final.jar:6.1.7.Final]
	at org.hibernate.query.hql.internal.SemanticQueryBuilder.visitSimpleQueryGroup(SemanticQueryBuilder.java:623) ~[hibernate-core-6.1.7.Final.jar:6.1.7.Final]
	at org.hibernate.query.hql.internal.SemanticQueryBuilder.visitSimpleQueryGroup(SemanticQueryBuilder.java:243) ~[hibernate-core-6.1.7.Final.jar:6.1.7.Final]
	at org.hibernate.grammars.hql.HqlParser$SimpleQueryGroupContext.accept(HqlParser.java:1133) ~[hibernate-core-6.1.7.Final.jar:6.1.7.Final]
	at org.hibernate.query.hql.internal.SemanticQueryBuilder.visitSelectStatement(SemanticQueryBuilder.java:399) ~[hibernate-core-6.1.7.Final.jar:6.1.7.Final]
	at org.hibernate.query.hql.internal.SemanticQueryBuilder.visitStatement(SemanticQueryBuilder.java:358) ~[hibernate-core-6.1.7.Final.jar:6.1.7.Final]
	at org.hibernate.query.hql.internal.SemanticQueryBuilder.buildSemanticModel(SemanticQueryBuilder.java:285) ~[hibernate-core-6.1.7.Final.jar:6.1.7.Final]
	at org.hibernate.query.hql.internal.StandardHqlTranslator.translate(StandardHqlTranslator.java:81) ~[hibernate-core-6.1.7.Final.jar:6.1.7.Final]
	at org.hibernate.internal.AbstractSharedSessionContract.lambda$createQuery$2(AbstractSharedSessionContract.java:747) ~[hibernate-core-6.1.7.Final.jar:6.1.7.Final]
	at org.hibernate.query.internal.QueryInterpretationCacheStandardImpl.createHqlInterpretation(QueryInterpretationCacheStandardImpl.java:141) ~[hibernate-core-6.1.7.Final.jar:6.1.7.Final]
	at org.hibernate.query.internal.QueryInterpretationCacheStandardImpl.resolveHqlInterpretation(QueryInterpretationCacheStandardImpl.java:128) ~[hibernate-core-6.1.7.Final.jar:6.1.7.Final]
	at org.hibernate.internal.AbstractSharedSessionContract.createQuery(AbstractSharedSessionContract.java:744) ~[hibernate-core-6.1.7.Final.jar:6.1.7.Final]
	... 76 common frames omitted

2024-04-10T09:04:17.396+07:00  INFO 5356 --- [restartedMain] c.e.BookStore.BookStoreApplication       : Starting BookStoreApplication using Java 17.0.9 with PID 5356 (C:\Users\Admin\Desktop\BookStore\BookStore\target\classes started by Admin in C:\Users\Admin\Desktop\BookStore\BookStore)
2024-04-10T09:04:17.401+07:00  INFO 5356 --- [restartedMain] c.e.BookStore.BookStoreApplication       : No active profile set, falling back to 1 default profile: "default"
2024-04-10T09:04:17.979+07:00  INFO 5356 --- [restartedMain] .e.DevToolsPropertyDefaultsPostProcessor : Devtools property defaults active! Set 'spring.devtools.add-properties' to 'false' to disable
2024-04-10T09:04:17.979+07:00  INFO 5356 --- [restartedMain] .e.DevToolsPropertyDefaultsPostProcessor : For additional web related logging consider setting the 'logging.level.web' property to 'DEBUG'
2024-04-10T09:04:21.422+07:00  INFO 5356 --- [restartedMain] .s.d.r.c.RepositoryConfigurationDelegate : Bootstrapping Spring Data JPA repositories in DEFAULT mode.
2024-04-10T09:04:21.629+07:00  INFO 5356 --- [restartedMain] .s.d.r.c.RepositoryConfigurationDelegate : Finished Spring Data repository scanning in 188 ms. Found 10 JPA repository interfaces.
2024-04-10T09:04:22.739+07:00  INFO 5356 --- [restartedMain] o.s.cloud.context.scope.GenericScope     : BeanFactory id=bce02399-247c-33ac-bb3b-29dfc76fd5e0
2024-04-10T09:04:25.353+07:00  INFO 5356 --- [restartedMain] o.s.b.w.embedded.tomcat.TomcatWebServer  : Tomcat initialized with port(s): 8081 (http)
2024-04-10T09:04:25.378+07:00  INFO 5356 --- [restartedMain] o.apache.catalina.core.StandardService   : Starting service [Tomcat]
2024-04-10T09:04:25.378+07:00  INFO 5356 --- [restartedMain] o.apache.catalina.core.StandardEngine    : Starting Servlet engine: [Apache Tomcat/10.1.15]
2024-04-10T09:04:25.585+07:00  INFO 5356 --- [restartedMain] o.a.c.c.C.[Tomcat].[localhost].[/]       : Initializing Spring embedded WebApplicationContext
2024-04-10T09:04:25.586+07:00  INFO 5356 --- [restartedMain] w.s.c.ServletWebServerApplicationContext : Root WebApplicationContext: initialization completed in 7606 ms
2024-04-10T09:04:26.015+07:00  INFO 5356 --- [restartedMain] com.zaxxer.hikari.HikariDataSource       : HikariPool-1 - Starting...
2024-04-10T09:04:27.549+07:00  INFO 5356 --- [restartedMain] com.zaxxer.hikari.pool.HikariPool        : HikariPool-1 - Added connection com.mysql.cj.jdbc.ConnectionImpl@11be99f6
2024-04-10T09:04:27.559+07:00  INFO 5356 --- [restartedMain] com.zaxxer.hikari.HikariDataSource       : HikariPool-1 - Start completed.
2024-04-10T09:04:27.672+07:00  INFO 5356 --- [restartedMain] o.hibernate.jpa.internal.util.LogHelper  : HHH000204: Processing PersistenceUnitInfo [name: default]
2024-04-10T09:04:27.843+07:00  INFO 5356 --- [restartedMain] org.hibernate.Version                    : HHH000412: Hibernate ORM core version 6.1.7.Final
2024-04-10T09:04:28.915+07:00  INFO 5356 --- [restartedMain] SQL dialect                              : HHH000400: Using dialect: org.hibernate.dialect.MySQL8Dialect
2024-04-10T09:04:28.920+07:00  WARN 5356 --- [restartedMain] org.hibernate.orm.deprecation            : HHH90000026: MySQL8Dialect has been deprecated; use org.hibernate.dialect.MySQLDialect instead
2024-04-10T09:04:36.344+07:00  INFO 5356 --- [restartedMain] o.h.e.t.j.p.i.JtaPlatformInitiator       : HHH000490: Using JtaPlatform implementation: [org.hibernate.engine.transaction.jta.platform.internal.NoJtaPlatform]
2024-04-10T09:04:36.363+07:00  INFO 5356 --- [restartedMain] j.LocalContainerEntityManagerFactoryBean : Initialized JPA EntityManagerFactory for persistence unit 'default'
2024-04-10T09:04:38.220+07:00  WARN 5356 --- [restartedMain] ConfigServletWebServerApplicationContext : Exception encountered during context initialization - cancelling refresh attempt: org.springframework.beans.factory.UnsatisfiedDependencyException: Error creating bean with name 'billController': Unsatisfied dependency expressed through field 'billService': Error creating bean with name 'billService.BillServiceImpl': Unsatisfied dependency expressed through field 'billDetailRepo': Error creating bean with name 'billDetailRepo' defined in com.example.BookStore.repo.BillDetailRepo defined in @EnableJpaRepositories declared on JpaRepositoriesRegistrar.EnableJpaRepositoriesConfiguration: Could not create query for public abstract java.util.List com.example.BookStore.repo.BillDetailRepo.findByBillId(int); Reason: Validation failed for query for method public abstract java.util.List com.example.BookStore.repo.BillDetailRepo.findByBillId(int)
2024-04-10T09:04:38.222+07:00  INFO 5356 --- [restartedMain] j.LocalContainerEntityManagerFactoryBean : Closing JPA EntityManagerFactory for persistence unit 'default'
2024-04-10T09:04:38.228+07:00  INFO 5356 --- [restartedMain] com.zaxxer.hikari.HikariDataSource       : HikariPool-1 - Shutdown initiated...
2024-04-10T09:04:38.244+07:00  INFO 5356 --- [restartedMain] com.zaxxer.hikari.HikariDataSource       : HikariPool-1 - Shutdown completed.
2024-04-10T09:04:38.249+07:00  INFO 5356 --- [restartedMain] o.apache.catalina.core.StandardService   : Stopping service [Tomcat]
2024-04-10T09:04:38.277+07:00  INFO 5356 --- [restartedMain] .s.b.a.l.ConditionEvaluationReportLogger : 

Error starting ApplicationContext. To display the condition evaluation report re-run your application with 'debug' enabled.
2024-04-10T09:04:38.325+07:00 ERROR 5356 --- [restartedMain] o.s.boot.SpringApplication               : Application run failed

org.springframework.beans.factory.UnsatisfiedDependencyException: Error creating bean with name 'billController': Unsatisfied dependency expressed through field 'billService': Error creating bean with name 'billService.BillServiceImpl': Unsatisfied dependency expressed through field 'billDetailRepo': Error creating bean with name 'billDetailRepo' defined in com.example.BookStore.repo.BillDetailRepo defined in @EnableJpaRepositories declared on JpaRepositoriesRegistrar.EnableJpaRepositoriesConfiguration: Could not create query for public abstract java.util.List com.example.BookStore.repo.BillDetailRepo.findByBillId(int); Reason: Validation failed for query for method public abstract java.util.List com.example.BookStore.repo.BillDetailRepo.findByBillId(int)
	at org.springframework.beans.factory.annotation.AutowiredAnnotationBeanPostProcessor$AutowiredFieldElement.resolveFieldValue(AutowiredAnnotationBeanPostProcessor.java:767) ~[spring-beans-6.0.13.jar:6.0.13]
	at org.springframework.beans.factory.annotation.AutowiredAnnotationBeanPostProcessor$AutowiredFieldElement.inject(AutowiredAnnotationBeanPostProcessor.java:747) ~[spring-beans-6.0.13.jar:6.0.13]
	at org.springframework.beans.factory.annotation.InjectionMetadata.inject(InjectionMetadata.java:145) ~[spring-beans-6.0.13.jar:6.0.13]
	at org.springframework.beans.factory.annotation.AutowiredAnnotationBeanPostProcessor.postProcessProperties(AutowiredAnnotationBeanPostProcessor.java:492) ~[spring-beans-6.0.13.jar:6.0.13]
	at org.springframework.beans.factory.support.AbstractAutowireCapableBeanFactory.populateBean(AbstractAutowireCapableBeanFactory.java:1416) ~[spring-beans-6.0.13.jar:6.0.13]
	at org.springframework.beans.factory.support.AbstractAutowireCapableBeanFactory.doCreateBean(AbstractAutowireCapableBeanFactory.java:597) ~[spring-beans-6.0.13.jar:6.0.13]
	at org.springframework.beans.factory.support.AbstractAutowireCapableBeanFactory.createBean(AbstractAutowireCapableBeanFactory.java:520) ~[spring-beans-6.0.13.jar:6.0.13]
	at org.springframework.beans.factory.support.AbstractBeanFactory.lambda$doGetBean$0(AbstractBeanFactory.java:325) ~[spring-beans-6.0.13.jar:6.0.13]
	at org.springframework.beans.factory.support.DefaultSingletonBeanRegistry.getSingleton(DefaultSingletonBeanRegistry.java:234) ~[spring-beans-6.0.13.jar:6.0.13]
	at org.springframework.beans.factory.support.AbstractBeanFactory.doGetBean(AbstractBeanFactory.java:323) ~[spring-beans-6.0.13.jar:6.0.13]
	at org.springframework.beans.factory.support.AbstractBeanFactory.getBean(AbstractBeanFactory.java:199) ~[spring-beans-6.0.13.jar:6.0.13]
	at org.springframework.beans.factory.support.DefaultListableBeanFactory.preInstantiateSingletons(DefaultListableBeanFactory.java:973) ~[spring-beans-6.0.13.jar:6.0.13]
	at org.springframework.context.support.AbstractApplicationContext.finishBeanFactoryInitialization(AbstractApplicationContext.java:950) ~[spring-context-6.0.13.jar:6.0.13]
	at org.springframework.context.support.AbstractApplicationContext.refresh(AbstractApplicationContext.java:616) ~[spring-context-6.0.13.jar:6.0.13]
	at org.springframework.boot.web.servlet.context.ServletWebServerApplicationContext.refresh(ServletWebServerApplicationContext.java:146) ~[spring-boot-3.0.12.jar:3.0.12]
	at org.springframework.boot.SpringApplication.refresh(SpringApplication.java:733) ~[spring-boot-3.0.12.jar:3.0.12]
	at org.springframework.boot.SpringApplication.refreshContext(SpringApplication.java:435) ~[spring-boot-3.0.12.jar:3.0.12]
	at org.springframework.boot.SpringApplication.run(SpringApplication.java:311) ~[spring-boot-3.0.12.jar:3.0.12]
	at org.springframework.boot.SpringApplication.run(SpringApplication.java:1301) ~[spring-boot-3.0.12.jar:3.0.12]
	at org.springframework.boot.SpringApplication.run(SpringApplication.java:1290) ~[spring-boot-3.0.12.jar:3.0.12]
	at com.example.BookStore.BookStoreApplication.main(BookStoreApplication.java:18) ~[classes/:na]
	at java.base/jdk.internal.reflect.NativeMethodAccessorImpl.invoke0(Native Method) ~[na:na]
	at java.base/jdk.internal.reflect.NativeMethodAccessorImpl.invoke(NativeMethodAccessorImpl.java:77) ~[na:na]
	at java.base/jdk.internal.reflect.DelegatingMethodAccessorImpl.invoke(DelegatingMethodAccessorImpl.java:43) ~[na:na]
	at java.base/java.lang.reflect.Method.invoke(Method.java:568) ~[na:na]
	at org.springframework.boot.devtools.restart.RestartLauncher.run(RestartLauncher.java:50) ~[spring-boot-devtools-3.0.12.jar:3.0.12]
Caused by: org.springframework.beans.factory.UnsatisfiedDependencyException: Error creating bean with name 'billService.BillServiceImpl': Unsatisfied dependency expressed through field 'billDetailRepo': Error creating bean with name 'billDetailRepo' defined in com.example.BookStore.repo.BillDetailRepo defined in @EnableJpaRepositories declared on JpaRepositoriesRegistrar.EnableJpaRepositoriesConfiguration: Could not create query for public abstract java.util.List com.example.BookStore.repo.BillDetailRepo.findByBillId(int); Reason: Validation failed for query for method public abstract java.util.List com.example.BookStore.repo.BillDetailRepo.findByBillId(int)
	at org.springframework.beans.factory.annotation.AutowiredAnnotationBeanPostProcessor$AutowiredFieldElement.resolveFieldValue(AutowiredAnnotationBeanPostProcessor.java:767) ~[spring-beans-6.0.13.jar:6.0.13]
	at org.springframework.beans.factory.annotation.AutowiredAnnotationBeanPostProcessor$AutowiredFieldElement.inject(AutowiredAnnotationBeanPostProcessor.java:747) ~[spring-beans-6.0.13.jar:6.0.13]
	at org.springframework.beans.factory.annotation.InjectionMetadata.inject(InjectionMetadata.java:145) ~[spring-beans-6.0.13.jar:6.0.13]
	at org.springframework.beans.factory.annotation.AutowiredAnnotationBeanPostProcessor.postProcessProperties(AutowiredAnnotationBeanPostProcessor.java:492) ~[spring-beans-6.0.13.jar:6.0.13]
	at org.springframework.beans.factory.support.AbstractAutowireCapableBeanFactory.populateBean(AbstractAutowireCapableBeanFactory.java:1416) ~[spring-beans-6.0.13.jar:6.0.13]
	at org.springframework.beans.factory.support.AbstractAutowireCapableBeanFactory.doCreateBean(AbstractAutowireCapableBeanFactory.java:597) ~[spring-beans-6.0.13.jar:6.0.13]
	at org.springframework.beans.factory.support.AbstractAutowireCapableBeanFactory.createBean(AbstractAutowireCapableBeanFactory.java:520) ~[spring-beans-6.0.13.jar:6.0.13]
	at org.springframework.beans.factory.support.AbstractBeanFactory.lambda$doGetBean$0(AbstractBeanFactory.java:325) ~[spring-beans-6.0.13.jar:6.0.13]
	at org.springframework.beans.factory.support.DefaultSingletonBeanRegistry.getSingleton(DefaultSingletonBeanRegistry.java:234) ~[spring-beans-6.0.13.jar:6.0.13]
	at org.springframework.beans.factory.support.AbstractBeanFactory.doGetBean(AbstractBeanFactory.java:323) ~[spring-beans-6.0.13.jar:6.0.13]
	at org.springframework.beans.factory.support.AbstractBeanFactory.getBean(AbstractBeanFactory.java:199) ~[spring-beans-6.0.13.jar:6.0.13]
	at org.springframework.beans.factory.config.DependencyDescriptor.resolveCandidate(DependencyDescriptor.java:254) ~[spring-beans-6.0.13.jar:6.0.13]
	at org.springframework.beans.factory.support.DefaultListableBeanFactory.doResolveDependency(DefaultListableBeanFactory.java:1417) ~[spring-beans-6.0.13.jar:6.0.13]
	at org.springframework.beans.factory.support.DefaultListableBeanFactory.resolveDependency(DefaultListableBeanFactory.java:1337) ~[spring-beans-6.0.13.jar:6.0.13]
	at org.springframework.beans.factory.annotation.AutowiredAnnotationBeanPostProcessor$AutowiredFieldElement.resolveFieldValue(AutowiredAnnotationBeanPostProcessor.java:764) ~[spring-beans-6.0.13.jar:6.0.13]
	... 25 common frames omitted
Caused by: org.springframework.beans.factory.BeanCreationException: Error creating bean with name 'billDetailRepo' defined in com.example.BookStore.repo.BillDetailRepo defined in @EnableJpaRepositories declared on JpaRepositoriesRegistrar.EnableJpaRepositoriesConfiguration: Could not create query for public abstract java.util.List com.example.BookStore.repo.BillDetailRepo.findByBillId(int); Reason: Validation failed for query for method public abstract java.util.List com.example.BookStore.repo.BillDetailRepo.findByBillId(int)
	at org.springframework.beans.factory.support.AbstractAutowireCapableBeanFactory.initializeBean(AbstractAutowireCapableBeanFactory.java:1770) ~[spring-beans-6.0.13.jar:6.0.13]
	at org.springframework.beans.factory.support.AbstractAutowireCapableBeanFactory.doCreateBean(AbstractAutowireCapableBeanFactory.java:598) ~[spring-beans-6.0.13.jar:6.0.13]
	at org.springframework.beans.factory.support.AbstractAutowireCapableBeanFactory.createBean(AbstractAutowireCapableBeanFactory.java:520) ~[spring-beans-6.0.13.jar:6.0.13]
	at org.springframework.beans.factory.support.AbstractBeanFactory.lambda$doGetBean$0(AbstractBeanFactory.java:325) ~[spring-beans-6.0.13.jar:6.0.13]
	at org.springframework.beans.factory.support.DefaultSingletonBeanRegistry.getSingleton(DefaultSingletonBeanRegistry.java:234) ~[spring-beans-6.0.13.jar:6.0.13]
	at org.springframework.beans.factory.support.AbstractBeanFactory.doGetBean(AbstractBeanFactory.java:323) ~[spring-beans-6.0.13.jar:6.0.13]
	at org.springframework.beans.factory.support.AbstractBeanFactory.getBean(AbstractBeanFactory.java:199) ~[spring-beans-6.0.13.jar:6.0.13]
	at org.springframework.beans.factory.config.DependencyDescriptor.resolveCandidate(DependencyDescriptor.java:254) ~[spring-beans-6.0.13.jar:6.0.13]
	at org.springframework.beans.factory.support.DefaultListableBeanFactory.doResolveDependency(DefaultListableBeanFactory.java:1417) ~[spring-beans-6.0.13.jar:6.0.13]
	at org.springframework.beans.factory.support.DefaultListableBeanFactory.resolveDependency(DefaultListableBeanFactory.java:1337) ~[spring-beans-6.0.13.jar:6.0.13]
	at org.springframework.beans.factory.annotation.AutowiredAnnotationBeanPostProcessor$AutowiredFieldElement.resolveFieldValue(AutowiredAnnotationBeanPostProcessor.java:764) ~[spring-beans-6.0.13.jar:6.0.13]
	... 39 common frames omitted
Caused by: org.springframework.data.repository.query.QueryCreationException: Could not create query for public abstract java.util.List com.example.BookStore.repo.BillDetailRepo.findByBillId(int); Reason: Validation failed for query for method public abstract java.util.List com.example.BookStore.repo.BillDetailRepo.findByBillId(int)
	at org.springframework.data.repository.query.QueryCreationException.create(QueryCreationException.java:101) ~[spring-data-commons-3.0.11.jar:3.0.11]
	at org.springframework.data.repository.core.support.QueryExecutorMethodInterceptor.lookupQuery(QueryExecutorMethodInterceptor.java:115) ~[spring-data-commons-3.0.11.jar:3.0.11]
	at org.springframework.data.repository.core.support.QueryExecutorMethodInterceptor.mapMethodsToQuery(QueryExecutorMethodInterceptor.java:99) ~[spring-data-commons-3.0.11.jar:3.0.11]
	at org.springframework.data.repository.core.support.QueryExecutorMethodInterceptor.lambda$new$0(QueryExecutorMethodInterceptor.java:88) ~[spring-data-commons-3.0.11.jar:3.0.11]
	at java.base/java.util.Optional.map(Optional.java:260) ~[na:na]
	at org.springframework.data.repository.core.support.QueryExecutorMethodInterceptor.<init>(QueryExecutorMethodInterceptor.java:88) ~[spring-data-commons-3.0.11.jar:3.0.11]
	at org.springframework.data.repository.core.support.RepositoryFactorySupport.getRepository(RepositoryFactorySupport.java:357) ~[spring-data-commons-3.0.11.jar:3.0.11]
	at org.springframework.data.repository.core.support.RepositoryFactoryBeanSupport.lambda$afterPropertiesSet$5(RepositoryFactoryBeanSupport.java:279) ~[spring-data-commons-3.0.11.jar:3.0.11]
	at org.springframework.data.util.Lazy.getNullable(Lazy.java:245) ~[spring-data-commons-3.0.11.jar:3.0.11]
	at org.springframework.data.util.Lazy.get(Lazy.java:114) ~[spring-data-commons-3.0.11.jar:3.0.11]
	at org.springframework.data.repository.core.support.RepositoryFactoryBeanSupport.afterPropertiesSet(RepositoryFactoryBeanSupport.java:285) ~[spring-data-commons-3.0.11.jar:3.0.11]
	at org.springframework.data.jpa.repository.support.JpaRepositoryFactoryBean.afterPropertiesSet(JpaRepositoryFactoryBean.java:132) ~[spring-data-jpa-3.0.11.jar:3.0.11]
	at org.springframework.beans.factory.support.AbstractAutowireCapableBeanFactory.invokeInitMethods(AbstractAutowireCapableBeanFactory.java:1817) ~[spring-beans-6.0.13.jar:6.0.13]
	at org.springframework.beans.factory.support.AbstractAutowireCapableBeanFactory.initializeBean(AbstractAutowireCapableBeanFactory.java:1766) ~[spring-beans-6.0.13.jar:6.0.13]
	... 49 common frames omitted
Caused by: java.lang.IllegalArgumentException: Validation failed for query for method public abstract java.util.List com.example.BookStore.repo.BillDetailRepo.findByBillId(int)
	at org.springframework.data.jpa.repository.query.SimpleJpaQuery.validateQuery(SimpleJpaQuery.java:100) ~[spring-data-jpa-3.0.11.jar:3.0.11]
	at org.springframework.data.jpa.repository.query.SimpleJpaQuery.<init>(SimpleJpaQuery.java:70) ~[spring-data-jpa-3.0.11.jar:3.0.11]
	at org.springframework.data.jpa.repository.query.JpaQueryFactory.fromMethodWithQueryString(JpaQueryFactory.java:55) ~[spring-data-jpa-3.0.11.jar:3.0.11]
	at org.springframework.data.jpa.repository.query.JpaQueryLookupStrategy$DeclaredQueryLookupStrategy.resolveQuery(JpaQueryLookupStrategy.java:170) ~[spring-data-jpa-3.0.11.jar:3.0.11]
	at org.springframework.data.jpa.repository.query.JpaQueryLookupStrategy$CreateIfNotFoundQueryLookupStrategy.resolveQuery(JpaQueryLookupStrategy.java:252) ~[spring-data-jpa-3.0.11.jar:3.0.11]
	at org.springframework.data.jpa.repository.query.JpaQueryLookupStrategy$AbstractQueryLookupStrategy.resolveQuery(JpaQueryLookupStrategy.java:95) ~[spring-data-jpa-3.0.11.jar:3.0.11]
	at org.springframework.data.repository.core.support.QueryExecutorMethodInterceptor.lookupQuery(QueryExecutorMethodInterceptor.java:111) ~[spring-data-commons-3.0.11.jar:3.0.11]
	... 61 common frames omitted
Caused by: java.lang.IllegalArgumentException: org.hibernate.query.sqm.UnknownEntityException: Could not resolve root entity 'BillDetails'
	at org.hibernate.internal.ExceptionConverterImpl.convert(ExceptionConverterImpl.java:138) ~[hibernate-core-6.1.7.Final.jar:6.1.7.Final]
	at org.hibernate.internal.ExceptionConverterImpl.convert(ExceptionConverterImpl.java:175) ~[hibernate-core-6.1.7.Final.jar:6.1.7.Final]
	at org.hibernate.internal.ExceptionConverterImpl.convert(ExceptionConverterImpl.java:182) ~[hibernate-core-6.1.7.Final.jar:6.1.7.Final]
	at org.hibernate.internal.AbstractSharedSessionContract.createQuery(AbstractSharedSessionContract.java:760) ~[hibernate-core-6.1.7.Final.jar:6.1.7.Final]
	at org.hibernate.internal.AbstractSharedSessionContract.createQuery(AbstractSharedSessionContract.java:662) ~[hibernate-core-6.1.7.Final.jar:6.1.7.Final]
	at org.hibernate.internal.AbstractSharedSessionContract.createQuery(AbstractSharedSessionContract.java:126) ~[hibernate-core-6.1.7.Final.jar:6.1.7.Final]
	at java.base/jdk.internal.reflect.NativeMethodAccessorImpl.invoke0(Native Method) ~[na:na]
	at java.base/jdk.internal.reflect.NativeMethodAccessorImpl.invoke(NativeMethodAccessorImpl.java:77) ~[na:na]
	at java.base/jdk.internal.reflect.DelegatingMethodAccessorImpl.invoke(DelegatingMethodAccessorImpl.java:43) ~[na:na]
	at java.base/java.lang.reflect.Method.invoke(Method.java:568) ~[na:na]
	at org.springframework.orm.jpa.ExtendedEntityManagerCreator$ExtendedEntityManagerInvocationHandler.invoke(ExtendedEntityManagerCreator.java:360) ~[spring-orm-6.0.13.jar:6.0.13]
	at jdk.proxy4/jdk.proxy4.$Proxy139.createQuery(Unknown Source) ~[na:na]
	at org.springframework.data.jpa.repository.query.SimpleJpaQuery.validateQuery(SimpleJpaQuery.java:94) ~[spring-data-jpa-3.0.11.jar:3.0.11]
	... 67 common frames omitted
Caused by: org.hibernate.query.sqm.UnknownEntityException: Could not resolve root entity 'BillDetails'
	at org.hibernate.query.hql.internal.SemanticQueryBuilder.visitRootEntity(SemanticQueryBuilder.java:1628) ~[hibernate-core-6.1.7.Final.jar:6.1.7.Final]
	at org.hibernate.query.hql.internal.SemanticQueryBuilder.visitRootEntity(SemanticQueryBuilder.java:243) ~[hibernate-core-6.1.7.Final.jar:6.1.7.Final]
	at org.hibernate.grammars.hql.HqlParser$RootEntityContext.accept(HqlParser.java:1875) ~[hibernate-core-6.1.7.Final.jar:6.1.7.Final]
	at org.hibernate.query.hql.internal.SemanticQueryBuilder.visitEntityWithJoins(SemanticQueryBuilder.java:1548) ~[hibernate-core-6.1.7.Final.jar:6.1.7.Final]
	at org.hibernate.query.hql.internal.SemanticQueryBuilder.visitFromClause(SemanticQueryBuilder.java:1539) ~[hibernate-core-6.1.7.Final.jar:6.1.7.Final]
	at org.hibernate.query.hql.internal.SemanticQueryBuilder.visitQuery(SemanticQueryBuilder.java:833) ~[hibernate-core-6.1.7.Final.jar:6.1.7.Final]
	at org.hibernate.query.hql.internal.SemanticQueryBuilder.visitQuerySpecExpression(SemanticQueryBuilder.java:629) ~[hibernate-core-6.1.7.Final.jar:6.1.7.Final]
	at org.hibernate.query.hql.internal.SemanticQueryBuilder.visitQuerySpecExpression(SemanticQueryBuilder.java:243) ~[hibernate-core-6.1.7.Final.jar:6.1.7.Final]
	at org.hibernate.grammars.hql.HqlParser$QuerySpecExpressionContext.accept(HqlParser.java:1220) ~[hibernate-core-6.1.7.Final.jar:6.1.7.Final]
	at org.hibernate.query.hql.internal.SemanticQueryBuilder.visitSimpleQueryGroup(SemanticQueryBuilder.java:623) ~[hibernate-core-6.1.7.Final.jar:6.1.7.Final]
	at org.hibernate.query.hql.internal.SemanticQueryBuilder.visitSimpleQueryGroup(SemanticQueryBuilder.java:243) ~[hibernate-core-6.1.7.Final.jar:6.1.7.Final]
	at org.hibernate.grammars.hql.HqlParser$SimpleQueryGroupContext.accept(HqlParser.java:1133) ~[hibernate-core-6.1.7.Final.jar:6.1.7.Final]
	at org.hibernate.query.hql.internal.SemanticQueryBuilder.visitSelectStatement(SemanticQueryBuilder.java:399) ~[hibernate-core-6.1.7.Final.jar:6.1.7.Final]
	at org.hibernate.query.hql.internal.SemanticQueryBuilder.visitStatement(SemanticQueryBuilder.java:358) ~[hibernate-core-6.1.7.Final.jar:6.1.7.Final]
	at org.hibernate.query.hql.internal.SemanticQueryBuilder.buildSemanticModel(SemanticQueryBuilder.java:285) ~[hibernate-core-6.1.7.Final.jar:6.1.7.Final]
	at org.hibernate.query.hql.internal.StandardHqlTranslator.translate(StandardHqlTranslator.java:81) ~[hibernate-core-6.1.7.Final.jar:6.1.7.Final]
	at org.hibernate.internal.AbstractSharedSessionContract.lambda$createQuery$2(AbstractSharedSessionContract.java:747) ~[hibernate-core-6.1.7.Final.jar:6.1.7.Final]
	at org.hibernate.query.internal.QueryInterpretationCacheStandardImpl.createHqlInterpretation(QueryInterpretationCacheStandardImpl.java:141) ~[hibernate-core-6.1.7.Final.jar:6.1.7.Final]
	at org.hibernate.query.internal.QueryInterpretationCacheStandardImpl.resolveHqlInterpretation(QueryInterpretationCacheStandardImpl.java:128) ~[hibernate-core-6.1.7.Final.jar:6.1.7.Final]
	at org.hibernate.internal.AbstractSharedSessionContract.createQuery(AbstractSharedSessionContract.java:744) ~[hibernate-core-6.1.7.Final.jar:6.1.7.Final]
	... 76 common frames omitted

2024-04-10T09:09:28.781+07:00  INFO 7940 --- [restartedMain] c.e.BookStore.BookStoreApplication       : Starting BookStoreApplication using Java 17.0.9 with PID 7940 (C:\Users\Admin\Desktop\BookStore\BookStore\target\classes started by Admin in C:\Users\Admin\Desktop\BookStore\BookStore)
2024-04-10T09:09:28.787+07:00  INFO 7940 --- [restartedMain] c.e.BookStore.BookStoreApplication       : No active profile set, falling back to 1 default profile: "default"
2024-04-10T09:09:37.700+07:00  INFO 13660 --- [restartedMain] c.e.BookStore.BookStoreApplication       : Starting BookStoreApplication using Java 17.0.9 with PID 13660 (C:\Users\Admin\Desktop\BookStore\BookStore\target\classes started by Admin in C:\Users\Admin\Desktop\BookStore\BookStore)
2024-04-10T09:09:37.705+07:00  INFO 13660 --- [restartedMain] c.e.BookStore.BookStoreApplication       : No active profile set, falling back to 1 default profile: "default"
2024-04-10T09:09:38.284+07:00  INFO 13660 --- [restartedMain] .e.DevToolsPropertyDefaultsPostProcessor : Devtools property defaults active! Set 'spring.devtools.add-properties' to 'false' to disable
2024-04-10T09:09:38.285+07:00  INFO 13660 --- [restartedMain] .e.DevToolsPropertyDefaultsPostProcessor : For additional web related logging consider setting the 'logging.level.web' property to 'DEBUG'
2024-04-10T09:09:40.111+07:00  INFO 13660 --- [restartedMain] .s.d.r.c.RepositoryConfigurationDelegate : Bootstrapping Spring Data JPA repositories in DEFAULT mode.
2024-04-10T09:09:40.300+07:00  INFO 13660 --- [restartedMain] .s.d.r.c.RepositoryConfigurationDelegate : Finished Spring Data repository scanning in 170 ms. Found 10 JPA repository interfaces.
2024-04-10T09:09:41.001+07:00  INFO 13660 --- [restartedMain] o.s.cloud.context.scope.GenericScope     : BeanFactory id=bce02399-247c-33ac-bb3b-29dfc76fd5e0
2024-04-10T09:09:43.406+07:00  INFO 13660 --- [restartedMain] o.s.b.w.embedded.tomcat.TomcatWebServer  : Tomcat initialized with port(s): 8081 (http)
2024-04-10T09:09:43.439+07:00  INFO 13660 --- [restartedMain] o.apache.catalina.core.StandardService   : Starting service [Tomcat]
2024-04-10T09:09:43.440+07:00  INFO 13660 --- [restartedMain] o.apache.catalina.core.StandardEngine    : Starting Servlet engine: [Apache Tomcat/10.1.15]
2024-04-10T09:09:43.812+07:00  INFO 13660 --- [restartedMain] o.a.c.c.C.[Tomcat].[localhost].[/]       : Initializing Spring embedded WebApplicationContext
2024-04-10T09:09:43.826+07:00  INFO 13660 --- [restartedMain] w.s.c.ServletWebServerApplicationContext : Root WebApplicationContext: initialization completed in 5525 ms
2024-04-10T09:09:44.431+07:00  INFO 13660 --- [restartedMain] com.zaxxer.hikari.HikariDataSource       : HikariPool-1 - Starting...
2024-04-10T09:09:46.266+07:00  INFO 13660 --- [restartedMain] com.zaxxer.hikari.pool.HikariPool        : HikariPool-1 - Added connection com.mysql.cj.jdbc.ConnectionImpl@3fd60f3a
2024-04-10T09:09:46.271+07:00  INFO 13660 --- [restartedMain] com.zaxxer.hikari.HikariDataSource       : HikariPool-1 - Start completed.
2024-04-10T09:09:46.345+07:00  INFO 13660 --- [restartedMain] o.hibernate.jpa.internal.util.LogHelper  : HHH000204: Processing PersistenceUnitInfo [name: default]
2024-04-10T09:09:46.468+07:00  INFO 13660 --- [restartedMain] org.hibernate.Version                    : HHH000412: Hibernate ORM core version 6.1.7.Final
2024-04-10T09:09:47.364+07:00  INFO 13660 --- [restartedMain] SQL dialect                              : HHH000400: Using dialect: org.hibernate.dialect.MySQL8Dialect
2024-04-10T09:09:47.367+07:00  WARN 13660 --- [restartedMain] org.hibernate.orm.deprecation            : HHH90000026: MySQL8Dialect has been deprecated; use org.hibernate.dialect.MySQLDialect instead
2024-04-10T09:09:54.056+07:00  INFO 13660 --- [restartedMain] o.h.e.t.j.p.i.JtaPlatformInitiator       : HHH000490: Using JtaPlatform implementation: [org.hibernate.engine.transaction.jta.platform.internal.NoJtaPlatform]
2024-04-10T09:09:54.071+07:00  INFO 13660 --- [restartedMain] j.LocalContainerEntityManagerFactoryBean : Initialized JPA EntityManagerFactory for persistence unit 'default'
2024-04-10T09:09:56.248+07:00  WARN 13660 --- [restartedMain] JpaBaseConfiguration$JpaWebConfiguration : spring.jpa.open-in-view is enabled by default. Therefore, database queries may be performed during view rendering. Explicitly configure spring.jpa.open-in-view to disable this warning
2024-04-10T09:09:56.811+07:00  INFO 13660 --- [restartedMain] o.s.s.web.DefaultSecurityFilterChain     : Will secure any request with [org.springframework.security.web.session.DisableEncodeUrlFilter@4095b269, org.springframework.security.web.context.request.async.WebAsyncManagerIntegrationFilter@35010130, org.springframework.security.web.context.SecurityContextHolderFilter@5bf899cd, org.springframework.security.web.header.HeaderWriterFilter@5d131118, org.springframework.security.web.authentication.logout.LogoutFilter@68299a62, com.example.BookStore.JWTFilter@ccc4aa8, org.springframework.security.web.authentication.www.BasicAuthenticationFilter@7b71d211, org.springframework.security.web.savedrequest.RequestCacheAwareFilter@46c1d107, org.springframework.security.web.servletapi.SecurityContextHolderAwareRequestFilter@224c86f4, org.springframework.security.web.authentication.AnonymousAuthenticationFilter@539c5b01, org.springframework.security.web.session.SessionManagementFilter@1d66b881, org.springframework.security.web.access.ExceptionTranslationFilter@5e7f75ea, org.springframework.security.web.access.intercept.FilterSecurityInterceptor@6c7bd348]
2024-04-10T09:09:57.375+07:00  INFO 13660 --- [restartedMain] o.s.b.d.a.OptionalLiveReloadServer       : LiveReload server is running on port 35729
2024-04-10T09:09:57.645+07:00  INFO 13660 --- [restartedMain] o.s.b.w.embedded.tomcat.TomcatWebServer  : Tomcat started on port(s): 8081 (http) with context path ''
2024-04-10T09:09:57.828+07:00  INFO 13660 --- [restartedMain] c.e.BookStore.BookStoreApplication       : Started BookStoreApplication in 21.171 seconds (process running for 22.097)
